<?xml version="1.0" encoding="UTF-8"?>
<testng-results skipped="0" failed="0" ignored="0" total="1" passed="1">
  <reporter-output>
    <line>
      <![CDATA[testInvalidLoginis passed]]>
    </line>
  </reporter-output>
  <suite name="Default suite" duration-ms="22590" started-at="2018-03-11T17:35:32Z" finished-at="2018-03-11T17:35:54Z">
    <groups>
      <group name="login">
        <method signature="InvalidLogin.testInvalidLogin()[pri:2, instance:script.InvalidLogin@5622fdf]" name="testInvalidLogin" class="script.InvalidLogin"/>
      </group> <!-- login -->
    </groups>
    <test name="Default test" duration-ms="22590" started-at="2018-03-11T17:35:32Z" finished-at="2018-03-11T17:35:54Z">
      <class name="script.InvalidLogin">
        <test-method status="PASS" signature="OpenApp()[pri:0, instance:script.InvalidLogin@5622fdf]" name="OpenApp" is-config="true" duration-ms="10671" started-at="2018-03-11T17:35:32Z" finished-at="2018-03-11T17:35:42Z">
          <reporter-output>
          </reporter-output>
        </test-method> <!-- OpenApp -->
        <test-method status="PASS" signature="testInvalidLogin()[pri:2, instance:script.InvalidLogin@5622fdf]" name="testInvalidLogin" duration-ms="11569" started-at="2018-03-11T17:35:42Z" finished-at="2018-03-11T17:35:54Z">
          <reporter-output>
          </reporter-output>
        </test-method> <!-- testInvalidLogin -->
        <test-method status="PASS" signature="closeApp(org.testng.ITestResult)[pri:0, instance:script.InvalidLogin@5622fdf]" name="closeApp" is-config="true" duration-ms="302" started-at="2018-03-11T17:35:54Z" finished-at="2018-03-11T17:35:54Z">
          <params>
            <param index="0">
              <value>
                <![CDATA[[TestResult name=testInvalidLogin status=SUCCESS method=InvalidLogin.testInvalidLogin()[pri:2, instance:script.InvalidLogin@5622fdf] output={null}]]]>
              </value>
            </param>
          </params>
          <reporter-output>
            <line>
              <![CDATA[testInvalidLoginis passed]]>
            </line>
          </reporter-output>
        </test-method> <!-- closeApp -->
      </class> <!-- script.InvalidLogin -->
    </test> <!-- Default test -->
  </suite> <!-- Default suite -->
</testng-results>
